{"name":"To test if Save for later functionality is working correctly","status":"broken","statusDetails":{"known":false,"muted":false,"flaky":false,"message":"element click intercepted: Element <a class=\"a-link-normal s-underline-text s-underline-link-text s-link-style a-text-normal\" target=\"_blank\" href=\"/OnePlus-Nord-Chromatic-128GB-Storage/dp/B0BY8MCQ9S/ref=sr_1_3?crid=134SZSH1CYRE2&amp;keywords=OnePlus+Nord&amp;qid=1683185675&amp;sprefix=oneplus+%2Caps%2C243&amp;sr=8-3\">...</a> is not clickable at point (828, 524). Other element would receive the click: <span class=\"s-fab-button-text aok-nowrap\">...</span>\n  (Session info: chrome=112.0.5615.138)\nBuild info: version: '4.8.3', revision: 'e5e76298c3'\nSystem info: os.name: 'Windows 11', os.arch: 'amd64', os.version: '10.0', java.version: '17.0.4.1'\nDriver info: org.openqa.selenium.chrome.ChromeDriver\nCommand: [d3ca5c781d129a4ab03991a83bd2f0a1, clickElement {id=7dcf7b4c-67f3-4899-9bb5-fb5009a3f566}]\nCapabilities {acceptInsecureCerts: false, browserName: chrome, browserVersion: 112.0.5615.138, chrome: {chromedriverVersion: 112.0.5615.49 (bd2a7bcb881c..., userDataDir: C:\\Users\\003VR5~1\\AppData\\L...}, goog:chromeOptions: {debuggerAddress: localhost:61399}, networkConnectionEnabled: false, pageLoadStrategy: normal, platformName: WINDOWS, proxy: Proxy(), se:cdp: ws://localhost:61399/devtoo..., se:cdpVersion: 112.0.5615.138, setWindowRect: true, strictFileInteractability: false, timeouts: {implicit: 0, pageLoad: 300000, script: 30000}, unhandledPromptBehavior: dismiss and notify, webauthn:extension:credBlob: true, webauthn:extension:largeBlob: true, webauthn:extension:minPinLength: true, webauthn:extension:prf: true, webauthn:virtualAuthenticators: true}\nElement: [[ChromeDriver: chrome on WINDOWS (d3ca5c781d129a4ab03991a83bd2f0a1)] -> link text: OnePlus Nord CE 3 Lite 5G (Chromatic Gray, 8GB RAM, 128GB Storage)]\nSession ID: d3ca5c781d129a4ab03991a83bd2f0a1","trace":"org.openqa.selenium.ElementClickInterceptedException: element click intercepted: Element <a class=\"a-link-normal s-underline-text s-underline-link-text s-link-style a-text-normal\" target=\"_blank\" href=\"/OnePlus-Nord-Chromatic-128GB-Storage/dp/B0BY8MCQ9S/ref=sr_1_3?crid=134SZSH1CYRE2&amp;keywords=OnePlus+Nord&amp;qid=1683185675&amp;sprefix=oneplus+%2Caps%2C243&amp;sr=8-3\">...</a> is not clickable at point (828, 524). Other element would receive the click: <span class=\"s-fab-button-text aok-nowrap\">...</span>\n  (Session info: chrome=112.0.5615.138)\nBuild info: version: '4.8.3', revision: 'e5e76298c3'\nSystem info: os.name: 'Windows 11', os.arch: 'amd64', os.version: '10.0', java.version: '17.0.4.1'\nDriver info: org.openqa.selenium.chrome.ChromeDriver\nCommand: [d3ca5c781d129a4ab03991a83bd2f0a1, clickElement {id=7dcf7b4c-67f3-4899-9bb5-fb5009a3f566}]\nCapabilities {acceptInsecureCerts: false, browserName: chrome, browserVersion: 112.0.5615.138, chrome: {chromedriverVersion: 112.0.5615.49 (bd2a7bcb881c..., userDataDir: C:\\Users\\003VR5~1\\AppData\\L...}, goog:chromeOptions: {debuggerAddress: localhost:61399}, networkConnectionEnabled: false, pageLoadStrategy: normal, platformName: WINDOWS, proxy: Proxy(), se:cdp: ws://localhost:61399/devtoo..., se:cdpVersion: 112.0.5615.138, setWindowRect: true, strictFileInteractability: false, timeouts: {implicit: 0, pageLoad: 300000, script: 30000}, unhandledPromptBehavior: dismiss and notify, webauthn:extension:credBlob: true, webauthn:extension:largeBlob: true, webauthn:extension:minPinLength: true, webauthn:extension:prf: true, webauthn:virtualAuthenticators: true}\nElement: [[ChromeDriver: chrome on WINDOWS (d3ca5c781d129a4ab03991a83bd2f0a1)] -> link text: OnePlus Nord CE 3 Lite 5G (Chromatic Gray, 8GB RAM, 128GB Storage)]\nSession ID: d3ca5c781d129a4ab03991a83bd2f0a1\r\n\tat java.base/jdk.internal.reflect.NativeConstructorAccessorImpl.newInstance0(Native Method)\r\n\tat java.base/jdk.internal.reflect.NativeConstructorAccessorImpl.newInstance(NativeConstructorAccessorImpl.java:77)\r\n\tat java.base/jdk.internal.reflect.DelegatingConstructorAccessorImpl.newInstance(DelegatingConstructorAccessorImpl.java:45)\r\n\tat java.base/java.lang.reflect.Constructor.newInstanceWithCaller(Constructor.java:499)\r\n\tat java.base/java.lang.reflect.Constructor.newInstance(Constructor.java:480)\r\n\tat org.openqa.selenium.remote.codec.w3c.W3CHttpResponseCodec.createException(W3CHttpResponseCodec.java:200)\r\n\tat org.openqa.selenium.remote.codec.w3c.W3CHttpResponseCodec.decode(W3CHttpResponseCodec.java:133)\r\n\tat org.openqa.selenium.remote.codec.w3c.W3CHttpResponseCodec.decode(W3CHttpResponseCodec.java:53)\r\n\tat org.openqa.selenium.remote.HttpCommandExecutor.execute(HttpCommandExecutor.java:193)\r\n\tat org.openqa.selenium.remote.service.DriverCommandExecutor.invokeExecute(DriverCommandExecutor.java:183)\r\n\tat org.openqa.selenium.remote.service.DriverCommandExecutor.execute(DriverCommandExecutor.java:158)\r\n\tat org.openqa.selenium.remote.RemoteWebDriver.execute(RemoteWebDriver.java:543)\r\n\tat org.openqa.selenium.remote.RemoteWebElement.execute(RemoteWebElement.java:257)\r\n\tat org.openqa.selenium.remote.RemoteWebElement.click(RemoteWebElement.java:78)\r\n\tat StepDefinations.CheckoutTest.user_searches_and_clicks_on_buynow(CheckoutTest.java:39)\r\n\tat ✽.User searches \"OnePlus Nord\" and clicks on buynow(file:///C:/Users/003VR5744/eclipse-workspace/E2EFramework/src/test/java/features/Amazon.feature:20)\r\n"},"stage":"finished","steps":[{"name":"Given  The driver is initiated and amazon site is loaded","status":"passed","statusDetails":{"known":false,"muted":false,"flaky":false},"stage":"finished","steps":[],"attachments":[],"parameters":[],"start":1683185664025,"stop":1683185667414},{"name":"And  User Enters credentials number \"916374231718\" and password \"project@123\"","status":"passed","statusDetails":{"known":false,"muted":false,"flaky":false},"stage":"finished","steps":[],"attachments":[],"parameters":[],"start":1683185667414,"stop":1683185672482},{"name":"When  User searches \"OnePlus Nord\" and clicks on buynow","status":"broken","statusDetails":{"known":false,"muted":false,"flaky":false,"message":"element click intercepted: Element <a class=\"a-link-normal s-underline-text s-underline-link-text s-link-style a-text-normal\" target=\"_blank\" href=\"/OnePlus-Nord-Chromatic-128GB-Storage/dp/B0BY8MCQ9S/ref=sr_1_3?crid=134SZSH1CYRE2&amp;keywords=OnePlus+Nord&amp;qid=1683185675&amp;sprefix=oneplus+%2Caps%2C243&amp;sr=8-3\">...</a> is not clickable at point (828, 524). Other element would receive the click: <span class=\"s-fab-button-text aok-nowrap\">...</span>\n  (Session info: chrome=112.0.5615.138)\nBuild info: version: '4.8.3', revision: 'e5e76298c3'\nSystem info: os.name: 'Windows 11', os.arch: 'amd64', os.version: '10.0', java.version: '17.0.4.1'\nDriver info: org.openqa.selenium.chrome.ChromeDriver\nCommand: [d3ca5c781d129a4ab03991a83bd2f0a1, clickElement {id=7dcf7b4c-67f3-4899-9bb5-fb5009a3f566}]\nCapabilities {acceptInsecureCerts: false, browserName: chrome, browserVersion: 112.0.5615.138, chrome: {chromedriverVersion: 112.0.5615.49 (bd2a7bcb881c..., userDataDir: C:\\Users\\003VR5~1\\AppData\\L...}, goog:chromeOptions: {debuggerAddress: localhost:61399}, networkConnectionEnabled: false, pageLoadStrategy: normal, platformName: WINDOWS, proxy: Proxy(), se:cdp: ws://localhost:61399/devtoo..., se:cdpVersion: 112.0.5615.138, setWindowRect: true, strictFileInteractability: false, timeouts: {implicit: 0, pageLoad: 300000, script: 30000}, unhandledPromptBehavior: dismiss and notify, webauthn:extension:credBlob: true, webauthn:extension:largeBlob: true, webauthn:extension:minPinLength: true, webauthn:extension:prf: true, webauthn:virtualAuthenticators: true}\nElement: [[ChromeDriver: chrome on WINDOWS (d3ca5c781d129a4ab03991a83bd2f0a1)] -> link text: OnePlus Nord CE 3 Lite 5G (Chromatic Gray, 8GB RAM, 128GB Storage)]\nSession ID: d3ca5c781d129a4ab03991a83bd2f0a1","trace":"org.openqa.selenium.ElementClickInterceptedException: element click intercepted: Element <a class=\"a-link-normal s-underline-text s-underline-link-text s-link-style a-text-normal\" target=\"_blank\" href=\"/OnePlus-Nord-Chromatic-128GB-Storage/dp/B0BY8MCQ9S/ref=sr_1_3?crid=134SZSH1CYRE2&amp;keywords=OnePlus+Nord&amp;qid=1683185675&amp;sprefix=oneplus+%2Caps%2C243&amp;sr=8-3\">...</a> is not clickable at point (828, 524). Other element would receive the click: <span class=\"s-fab-button-text aok-nowrap\">...</span>\n  (Session info: chrome=112.0.5615.138)\nBuild info: version: '4.8.3', revision: 'e5e76298c3'\nSystem info: os.name: 'Windows 11', os.arch: 'amd64', os.version: '10.0', java.version: '17.0.4.1'\nDriver info: org.openqa.selenium.chrome.ChromeDriver\nCommand: [d3ca5c781d129a4ab03991a83bd2f0a1, clickElement {id=7dcf7b4c-67f3-4899-9bb5-fb5009a3f566}]\nCapabilities {acceptInsecureCerts: false, browserName: chrome, browserVersion: 112.0.5615.138, chrome: {chromedriverVersion: 112.0.5615.49 (bd2a7bcb881c..., userDataDir: C:\\Users\\003VR5~1\\AppData\\L...}, goog:chromeOptions: {debuggerAddress: localhost:61399}, networkConnectionEnabled: false, pageLoadStrategy: normal, platformName: WINDOWS, proxy: Proxy(), se:cdp: ws://localhost:61399/devtoo..., se:cdpVersion: 112.0.5615.138, setWindowRect: true, strictFileInteractability: false, timeouts: {implicit: 0, pageLoad: 300000, script: 30000}, unhandledPromptBehavior: dismiss and notify, webauthn:extension:credBlob: true, webauthn:extension:largeBlob: true, webauthn:extension:minPinLength: true, webauthn:extension:prf: true, webauthn:virtualAuthenticators: true}\nElement: [[ChromeDriver: chrome on WINDOWS (d3ca5c781d129a4ab03991a83bd2f0a1)] -> link text: OnePlus Nord CE 3 Lite 5G (Chromatic Gray, 8GB RAM, 128GB Storage)]\nSession ID: d3ca5c781d129a4ab03991a83bd2f0a1\r\n\tat java.base/jdk.internal.reflect.NativeConstructorAccessorImpl.newInstance0(Native Method)\r\n\tat java.base/jdk.internal.reflect.NativeConstructorAccessorImpl.newInstance(NativeConstructorAccessorImpl.java:77)\r\n\tat java.base/jdk.internal.reflect.DelegatingConstructorAccessorImpl.newInstance(DelegatingConstructorAccessorImpl.java:45)\r\n\tat java.base/java.lang.reflect.Constructor.newInstanceWithCaller(Constructor.java:499)\r\n\tat java.base/java.lang.reflect.Constructor.newInstance(Constructor.java:480)\r\n\tat org.openqa.selenium.remote.codec.w3c.W3CHttpResponseCodec.createException(W3CHttpResponseCodec.java:200)\r\n\tat org.openqa.selenium.remote.codec.w3c.W3CHttpResponseCodec.decode(W3CHttpResponseCodec.java:133)\r\n\tat org.openqa.selenium.remote.codec.w3c.W3CHttpResponseCodec.decode(W3CHttpResponseCodec.java:53)\r\n\tat org.openqa.selenium.remote.HttpCommandExecutor.execute(HttpCommandExecutor.java:193)\r\n\tat org.openqa.selenium.remote.service.DriverCommandExecutor.invokeExecute(DriverCommandExecutor.java:183)\r\n\tat org.openqa.selenium.remote.service.DriverCommandExecutor.execute(DriverCommandExecutor.java:158)\r\n\tat org.openqa.selenium.remote.RemoteWebDriver.execute(RemoteWebDriver.java:543)\r\n\tat org.openqa.selenium.remote.RemoteWebElement.execute(RemoteWebElement.java:257)\r\n\tat org.openqa.selenium.remote.RemoteWebElement.click(RemoteWebElement.java:78)\r\n\tat StepDefinations.CheckoutTest.user_searches_and_clicks_on_buynow(CheckoutTest.java:39)\r\n\tat ✽.User searches \"OnePlus Nord\" and clicks on buynow(file:///C:/Users/003VR5744/eclipse-workspace/E2EFramework/src/test/java/features/Amazon.feature:20)\r\n"},"stage":"finished","steps":[],"attachments":[],"parameters":[],"start":1683185672482,"stop":1683185683242},{"name":"And  Navigates to cart and clicks on save for later","status":"skipped","statusDetails":{"known":false,"muted":false,"flaky":false},"stage":"finished","steps":[],"attachments":[],"parameters":[],"start":1683185683242,"stop":1683185683243},{"name":"Then  check if item is added in save for later","status":"skipped","statusDetails":{"known":false,"muted":false,"flaky":false},"stage":"finished","steps":[],"attachments":[],"parameters":[],"start":1683185683243,"stop":1683185683243}],"attachments":[],"parameters":[],"start":1683185661164,"stop":1683185683730,"uuid":"54c98814-0317-428c-96e7-83912bbc2a05","historyId":"c8b5a9a064a6f10cab3040c38b74b92f","fullName":"Amazon Test: To test if Save for later functionality is working correctly","labels":[{"name":"tag","value":"SaveForLater"},{"name":"host","value":"IBM-JQCV2F3"},{"name":"thread","value":"16448@IBM-JQCV2F3.main(1)"},{"name":"feature","value":"Amazon Test"},{"name":"story","value":"To test if Save for later functionality is working correctly"},{"name":"suite","value":"Amazon Test"},{"name":"testClass","value":"To test if Save for later functionality is working correctly"},{"name":"framework","value":"cucumber4jvm"},{"name":"language","value":"java"},{"name":"gherkin_uri","value":"file:///C:/Users/003VR5744/eclipse-workspace/E2EFramework/src/test/java/features/Amazon.feature"},{"name":"package","value":"src.test.java.features.Amazon_feature.Amazon Test"}],"links":[]}