{"name":"To test if checkout page is functioning correctly","status":"broken","statusDetails":{"known":false,"muted":false,"flaky":false,"message":"element click intercepted: Element <a class=\"a-link-normal s-underline-text s-underline-link-text s-link-style a-text-normal\" target=\"_blank\" href=\"/OnePlus-Nord-Chromatic-128GB-Storage/dp/B0BY8MCQ9S/ref=sr_1_3?crid=DDNM1KXQXDIV&amp;keywords=OnePlus+Nord&amp;qid=1683185820&amp;sprefix=onep%2Caps%2C242&amp;sr=8-3\">...</a> is not clickable at point (828, 524). Other element would receive the click: <span class=\"s-fab-button-text aok-nowrap\">...</span>\n  (Session info: chrome=112.0.5615.138)\nBuild info: version: '4.8.3', revision: 'e5e76298c3'\nSystem info: os.name: 'Windows 11', os.arch: 'amd64', os.version: '10.0', java.version: '17.0.4.1'\nDriver info: org.openqa.selenium.chrome.ChromeDriver\nCommand: [0c510dbb61cadabc1263860fba47a8e3, clickElement {id=e9a0889c-5e33-44ce-9f60-3b67cbbc125b}]\nCapabilities {acceptInsecureCerts: false, browserName: chrome, browserVersion: 112.0.5615.138, chrome: {chromedriverVersion: 112.0.5615.49 (bd2a7bcb881c..., userDataDir: C:\\Users\\003VR5~1\\AppData\\L...}, goog:chromeOptions: {debuggerAddress: localhost:8125}, networkConnectionEnabled: false, pageLoadStrategy: normal, platformName: WINDOWS, proxy: Proxy(), se:cdp: ws://localhost:8125/devtool..., se:cdpVersion: 112.0.5615.138, setWindowRect: true, strictFileInteractability: false, timeouts: {implicit: 0, pageLoad: 300000, script: 30000}, unhandledPromptBehavior: dismiss and notify, webauthn:extension:credBlob: true, webauthn:extension:largeBlob: true, webauthn:extension:minPinLength: true, webauthn:extension:prf: true, webauthn:virtualAuthenticators: true}\nElement: [[ChromeDriver: chrome on WINDOWS (0c510dbb61cadabc1263860fba47a8e3)] -> link text: OnePlus Nord CE 3 Lite 5G (Chromatic Gray, 8GB RAM, 128GB Storage)]\nSession ID: 0c510dbb61cadabc1263860fba47a8e3","trace":"org.openqa.selenium.ElementClickInterceptedException: element click intercepted: Element <a class=\"a-link-normal s-underline-text s-underline-link-text s-link-style a-text-normal\" target=\"_blank\" href=\"/OnePlus-Nord-Chromatic-128GB-Storage/dp/B0BY8MCQ9S/ref=sr_1_3?crid=DDNM1KXQXDIV&amp;keywords=OnePlus+Nord&amp;qid=1683185820&amp;sprefix=onep%2Caps%2C242&amp;sr=8-3\">...</a> is not clickable at point (828, 524). Other element would receive the click: <span class=\"s-fab-button-text aok-nowrap\">...</span>\n  (Session info: chrome=112.0.5615.138)\nBuild info: version: '4.8.3', revision: 'e5e76298c3'\nSystem info: os.name: 'Windows 11', os.arch: 'amd64', os.version: '10.0', java.version: '17.0.4.1'\nDriver info: org.openqa.selenium.chrome.ChromeDriver\nCommand: [0c510dbb61cadabc1263860fba47a8e3, clickElement {id=e9a0889c-5e33-44ce-9f60-3b67cbbc125b}]\nCapabilities {acceptInsecureCerts: false, browserName: chrome, browserVersion: 112.0.5615.138, chrome: {chromedriverVersion: 112.0.5615.49 (bd2a7bcb881c..., userDataDir: C:\\Users\\003VR5~1\\AppData\\L...}, goog:chromeOptions: {debuggerAddress: localhost:8125}, networkConnectionEnabled: false, pageLoadStrategy: normal, platformName: WINDOWS, proxy: Proxy(), se:cdp: ws://localhost:8125/devtool..., se:cdpVersion: 112.0.5615.138, setWindowRect: true, strictFileInteractability: false, timeouts: {implicit: 0, pageLoad: 300000, script: 30000}, unhandledPromptBehavior: dismiss and notify, webauthn:extension:credBlob: true, webauthn:extension:largeBlob: true, webauthn:extension:minPinLength: true, webauthn:extension:prf: true, webauthn:virtualAuthenticators: true}\nElement: [[ChromeDriver: chrome on WINDOWS (0c510dbb61cadabc1263860fba47a8e3)] -> link text: OnePlus Nord CE 3 Lite 5G (Chromatic Gray, 8GB RAM, 128GB Storage)]\nSession ID: 0c510dbb61cadabc1263860fba47a8e3\r\n\tat java.base/jdk.internal.reflect.NativeConstructorAccessorImpl.newInstance0(Native Method)\r\n\tat java.base/jdk.internal.reflect.NativeConstructorAccessorImpl.newInstance(NativeConstructorAccessorImpl.java:77)\r\n\tat java.base/jdk.internal.reflect.DelegatingConstructorAccessorImpl.newInstance(DelegatingConstructorAccessorImpl.java:45)\r\n\tat java.base/java.lang.reflect.Constructor.newInstanceWithCaller(Constructor.java:499)\r\n\tat java.base/java.lang.reflect.Constructor.newInstance(Constructor.java:480)\r\n\tat org.openqa.selenium.remote.codec.w3c.W3CHttpResponseCodec.createException(W3CHttpResponseCodec.java:200)\r\n\tat org.openqa.selenium.remote.codec.w3c.W3CHttpResponseCodec.decode(W3CHttpResponseCodec.java:133)\r\n\tat org.openqa.selenium.remote.codec.w3c.W3CHttpResponseCodec.decode(W3CHttpResponseCodec.java:53)\r\n\tat org.openqa.selenium.remote.HttpCommandExecutor.execute(HttpCommandExecutor.java:193)\r\n\tat org.openqa.selenium.remote.service.DriverCommandExecutor.invokeExecute(DriverCommandExecutor.java:183)\r\n\tat org.openqa.selenium.remote.service.DriverCommandExecutor.execute(DriverCommandExecutor.java:158)\r\n\tat org.openqa.selenium.remote.RemoteWebDriver.execute(RemoteWebDriver.java:543)\r\n\tat org.openqa.selenium.remote.RemoteWebElement.execute(RemoteWebElement.java:257)\r\n\tat org.openqa.selenium.remote.RemoteWebElement.click(RemoteWebElement.java:78)\r\n\tat StepDefinations.CheckoutTest.user_searches_and_clicks_on_buynow(CheckoutTest.java:39)\r\n\tat ✽.User searches \"OnePlus Nord\" and clicks on buynow(file:///C:/Users/003VR5744/eclipse-workspace/E2EFramework/src/test/java/features/Amazon.feature:13)\r\n"},"stage":"finished","steps":[{"name":"Given  The driver is initiated and amazon site is loaded","status":"passed","statusDetails":{"known":false,"muted":false,"flaky":false},"stage":"finished","steps":[],"attachments":[],"parameters":[],"start":1683185808029,"stop":1683185812305},{"name":"And  User Enters credentials number \"916374231718\" and password \"project@123\"","status":"passed","statusDetails":{"known":false,"muted":false,"flaky":false},"stage":"finished","steps":[],"attachments":[],"parameters":[],"start":1683185812305,"stop":1683185817641},{"name":"When  User searches \"OnePlus Nord\" and clicks on buynow","status":"broken","statusDetails":{"known":false,"muted":false,"flaky":false,"message":"element click intercepted: Element <a class=\"a-link-normal s-underline-text s-underline-link-text s-link-style a-text-normal\" target=\"_blank\" href=\"/OnePlus-Nord-Chromatic-128GB-Storage/dp/B0BY8MCQ9S/ref=sr_1_3?crid=DDNM1KXQXDIV&amp;keywords=OnePlus+Nord&amp;qid=1683185820&amp;sprefix=onep%2Caps%2C242&amp;sr=8-3\">...</a> is not clickable at point (828, 524). Other element would receive the click: <span class=\"s-fab-button-text aok-nowrap\">...</span>\n  (Session info: chrome=112.0.5615.138)\nBuild info: version: '4.8.3', revision: 'e5e76298c3'\nSystem info: os.name: 'Windows 11', os.arch: 'amd64', os.version: '10.0', java.version: '17.0.4.1'\nDriver info: org.openqa.selenium.chrome.ChromeDriver\nCommand: [0c510dbb61cadabc1263860fba47a8e3, clickElement {id=e9a0889c-5e33-44ce-9f60-3b67cbbc125b}]\nCapabilities {acceptInsecureCerts: false, browserName: chrome, browserVersion: 112.0.5615.138, chrome: {chromedriverVersion: 112.0.5615.49 (bd2a7bcb881c..., userDataDir: C:\\Users\\003VR5~1\\AppData\\L...}, goog:chromeOptions: {debuggerAddress: localhost:8125}, networkConnectionEnabled: false, pageLoadStrategy: normal, platformName: WINDOWS, proxy: Proxy(), se:cdp: ws://localhost:8125/devtool..., se:cdpVersion: 112.0.5615.138, setWindowRect: true, strictFileInteractability: false, timeouts: {implicit: 0, pageLoad: 300000, script: 30000}, unhandledPromptBehavior: dismiss and notify, webauthn:extension:credBlob: true, webauthn:extension:largeBlob: true, webauthn:extension:minPinLength: true, webauthn:extension:prf: true, webauthn:virtualAuthenticators: true}\nElement: [[ChromeDriver: chrome on WINDOWS (0c510dbb61cadabc1263860fba47a8e3)] -> link text: OnePlus Nord CE 3 Lite 5G (Chromatic Gray, 8GB RAM, 128GB Storage)]\nSession ID: 0c510dbb61cadabc1263860fba47a8e3","trace":"org.openqa.selenium.ElementClickInterceptedException: element click intercepted: Element <a class=\"a-link-normal s-underline-text s-underline-link-text s-link-style a-text-normal\" target=\"_blank\" href=\"/OnePlus-Nord-Chromatic-128GB-Storage/dp/B0BY8MCQ9S/ref=sr_1_3?crid=DDNM1KXQXDIV&amp;keywords=OnePlus+Nord&amp;qid=1683185820&amp;sprefix=onep%2Caps%2C242&amp;sr=8-3\">...</a> is not clickable at point (828, 524). Other element would receive the click: <span class=\"s-fab-button-text aok-nowrap\">...</span>\n  (Session info: chrome=112.0.5615.138)\nBuild info: version: '4.8.3', revision: 'e5e76298c3'\nSystem info: os.name: 'Windows 11', os.arch: 'amd64', os.version: '10.0', java.version: '17.0.4.1'\nDriver info: org.openqa.selenium.chrome.ChromeDriver\nCommand: [0c510dbb61cadabc1263860fba47a8e3, clickElement {id=e9a0889c-5e33-44ce-9f60-3b67cbbc125b}]\nCapabilities {acceptInsecureCerts: false, browserName: chrome, browserVersion: 112.0.5615.138, chrome: {chromedriverVersion: 112.0.5615.49 (bd2a7bcb881c..., userDataDir: C:\\Users\\003VR5~1\\AppData\\L...}, goog:chromeOptions: {debuggerAddress: localhost:8125}, networkConnectionEnabled: false, pageLoadStrategy: normal, platformName: WINDOWS, proxy: Proxy(), se:cdp: ws://localhost:8125/devtool..., se:cdpVersion: 112.0.5615.138, setWindowRect: true, strictFileInteractability: false, timeouts: {implicit: 0, pageLoad: 300000, script: 30000}, unhandledPromptBehavior: dismiss and notify, webauthn:extension:credBlob: true, webauthn:extension:largeBlob: true, webauthn:extension:minPinLength: true, webauthn:extension:prf: true, webauthn:virtualAuthenticators: true}\nElement: [[ChromeDriver: chrome on WINDOWS (0c510dbb61cadabc1263860fba47a8e3)] -> link text: OnePlus Nord CE 3 Lite 5G (Chromatic Gray, 8GB RAM, 128GB Storage)]\nSession ID: 0c510dbb61cadabc1263860fba47a8e3\r\n\tat java.base/jdk.internal.reflect.NativeConstructorAccessorImpl.newInstance0(Native Method)\r\n\tat java.base/jdk.internal.reflect.NativeConstructorAccessorImpl.newInstance(NativeConstructorAccessorImpl.java:77)\r\n\tat java.base/jdk.internal.reflect.DelegatingConstructorAccessorImpl.newInstance(DelegatingConstructorAccessorImpl.java:45)\r\n\tat java.base/java.lang.reflect.Constructor.newInstanceWithCaller(Constructor.java:499)\r\n\tat java.base/java.lang.reflect.Constructor.newInstance(Constructor.java:480)\r\n\tat org.openqa.selenium.remote.codec.w3c.W3CHttpResponseCodec.createException(W3CHttpResponseCodec.java:200)\r\n\tat org.openqa.selenium.remote.codec.w3c.W3CHttpResponseCodec.decode(W3CHttpResponseCodec.java:133)\r\n\tat org.openqa.selenium.remote.codec.w3c.W3CHttpResponseCodec.decode(W3CHttpResponseCodec.java:53)\r\n\tat org.openqa.selenium.remote.HttpCommandExecutor.execute(HttpCommandExecutor.java:193)\r\n\tat org.openqa.selenium.remote.service.DriverCommandExecutor.invokeExecute(DriverCommandExecutor.java:183)\r\n\tat org.openqa.selenium.remote.service.DriverCommandExecutor.execute(DriverCommandExecutor.java:158)\r\n\tat org.openqa.selenium.remote.RemoteWebDriver.execute(RemoteWebDriver.java:543)\r\n\tat org.openqa.selenium.remote.RemoteWebElement.execute(RemoteWebElement.java:257)\r\n\tat org.openqa.selenium.remote.RemoteWebElement.click(RemoteWebElement.java:78)\r\n\tat StepDefinations.CheckoutTest.user_searches_and_clicks_on_buynow(CheckoutTest.java:39)\r\n\tat ✽.User searches \"OnePlus Nord\" and clicks on buynow(file:///C:/Users/003VR5744/eclipse-workspace/E2EFramework/src/test/java/features/Amazon.feature:13)\r\n"},"stage":"finished","steps":[],"attachments":[],"parameters":[],"start":1683185817641,"stop":1683185829459},{"name":"Then  Check if app is navigating to checkout page","status":"skipped","statusDetails":{"known":false,"muted":false,"flaky":false},"stage":"finished","steps":[],"attachments":[],"parameters":[],"start":1683185829459,"stop":1683185829461}],"attachments":[],"parameters":[],"start":1683185805423,"stop":1683185829828,"uuid":"6d62c9e7-d428-419d-bb7b-5f6d5085111d","historyId":"26e06c978e5635448473b1bb6bc6912f","fullName":"Amazon Test: To test if checkout page is functioning correctly","labels":[{"name":"tag","value":"Checkout"},{"name":"host","value":"IBM-JQCV2F3"},{"name":"thread","value":"9408@IBM-JQCV2F3.main(1)"},{"name":"feature","value":"Amazon Test"},{"name":"story","value":"To test if checkout page is functioning correctly"},{"name":"suite","value":"Amazon Test"},{"name":"testClass","value":"To test if checkout page is functioning correctly"},{"name":"framework","value":"cucumber4jvm"},{"name":"language","value":"java"},{"name":"gherkin_uri","value":"file:///C:/Users/003VR5744/eclipse-workspace/E2EFramework/src/test/java/features/Amazon.feature"},{"name":"package","value":"src.test.java.features.Amazon_feature.Amazon Test"}],"links":[]}