<?xml version="1.0" encoding="UTF-8"?>
<testng-results ignored="0" total="4" passed="4" failed="0" skipped="0">
  <reporter-output>
  </reporter-output>
  <suite started-at="2023-04-11T12:53:55 IST" name="Default suite" finished-at="2023-04-11T12:55:46 IST" duration-ms="110807">
    <groups>
      <group name="cucumber">
        <method signature="AbstractTestNGCucumberTests.runScenario(io.cucumber.testng.PickleWrapper,io.cucumber.testng.FeatureWrapper)[pri:0, instance:StepDefinations.testRunner@428640fa]" name="runScenario" class="io.cucumber.testng.AbstractTestNGCucumberTests"/>
      </group> <!-- cucumber -->
    </groups>
    <test started-at="2023-04-11T12:53:55 IST" name="Default test" finished-at="2023-04-11T12:55:46 IST" duration-ms="110807">
      <class name="StepDefinations.testRunner">
        <test-method is-config="true" signature="setUpClass(org.testng.ITestContext)[pri:0, instance:StepDefinations.testRunner@428640fa]" started-at="2023-04-11T12:53:55 IST" name="setUpClass" finished-at="2023-04-11T12:53:55 IST" duration-ms="250" status="PASS">
          <params>
            <param index="0">
              <value>
                <![CDATA[org.testng.TestRunner@6cfbbff7]]>
              </value>
            </param>
          </params>
          <reporter-output>
          </reporter-output>
        </test-method> <!-- setUpClass -->
        <test-method signature="runScenario(io.cucumber.testng.PickleWrapper,io.cucumber.testng.FeatureWrapper)[pri:0, instance:StepDefinations.testRunner@428640fa]" started-at="2023-04-11T12:53:55 IST" name="runScenario" description="Runs Cucumber Scenarios" data-provider="scenarios" finished-at="2023-04-11T12:54:13 IST" duration-ms="17496" status="PASS">
          <params>
            <param index="0">
              <value>
                <![CDATA["To test if amazon sigin is working correctly"]]>
              </value>
            </param>
            <param index="1">
              <value>
                <![CDATA["Amazon Test"]]>
              </value>
            </param>
          </params>
          <reporter-output>
          </reporter-output>
        </test-method> <!-- runScenario -->
        <test-method signature="runScenario(io.cucumber.testng.PickleWrapper,io.cucumber.testng.FeatureWrapper)[pri:0, instance:StepDefinations.testRunner@428640fa]" started-at="2023-04-11T12:54:13 IST" name="runScenario" description="Runs Cucumber Scenarios" data-provider="scenarios" finished-at="2023-04-11T12:54:46 IST" duration-ms="32643" status="PASS">
          <params>
            <param index="0">
              <value>
                <![CDATA["To test if checkout page is functioning correctly"]]>
              </value>
            </param>
            <param index="1">
              <value>
                <![CDATA["Amazon Test"]]>
              </value>
            </param>
          </params>
          <reporter-output>
          </reporter-output>
        </test-method> <!-- runScenario -->
        <test-method signature="runScenario(io.cucumber.testng.PickleWrapper,io.cucumber.testng.FeatureWrapper)[pri:0, instance:StepDefinations.testRunner@428640fa]" started-at="2023-04-11T12:54:46 IST" name="runScenario" description="Runs Cucumber Scenarios" data-provider="scenarios" finished-at="2023-04-11T12:55:21 IST" duration-ms="34893" status="PASS">
          <params>
            <param index="0">
              <value>
                <![CDATA["To test if Save for later functionality is working correctly"]]>
              </value>
            </param>
            <param index="1">
              <value>
                <![CDATA["Amazon Test"]]>
              </value>
            </param>
          </params>
          <reporter-output>
          </reporter-output>
        </test-method> <!-- runScenario -->
        <test-method signature="runScenario(io.cucumber.testng.PickleWrapper,io.cucumber.testng.FeatureWrapper)[pri:0, instance:StepDefinations.testRunner@428640fa]" started-at="2023-04-11T12:55:21 IST" name="runScenario" description="Runs Cucumber Scenarios" data-provider="scenarios" finished-at="2023-04-11T12:55:46 IST" duration-ms="25477" status="PASS">
          <params>
            <param index="0">
              <value>
                <![CDATA["To test if add address functionality is working correctly"]]>
              </value>
            </param>
            <param index="1">
              <value>
                <![CDATA["Amazon Test"]]>
              </value>
            </param>
          </params>
          <reporter-output>
          </reporter-output>
        </test-method> <!-- runScenario -->
        <test-method is-config="true" signature="tearDownClass()[pri:0, instance:StepDefinations.testRunner@428640fa]" started-at="2023-04-11T12:55:46 IST" name="tearDownClass" finished-at="2023-04-11T12:55:46 IST" duration-ms="8" status="PASS">
          <reporter-output>
          </reporter-output>
        </test-method> <!-- tearDownClass -->
      </class> <!-- StepDefinations.testRunner -->
    </test> <!-- Default test -->
  </suite> <!-- Default suite -->
</testng-results>
