<?xml version="1.0" encoding="UTF-8"?>
<testng-results ignored="0" total="1" passed="1" failed="0" skipped="0">
  <reporter-output>
  </reporter-output>
  <suite started-at="2023-04-04T12:54:08 IST" name="Suite" finished-at="2023-04-04T12:54:17 IST" duration-ms="9113">
    <groups>
      <group name="cucumber">
        <method signature="AbstractTestNGCucumberTests.runScenario(io.cucumber.testng.PickleWrapper,io.cucumber.testng.FeatureWrapper)[pri:0, instance:TestRunner.testRunner@53aac487]" name="runScenario" class="io.cucumber.testng.AbstractTestNGCucumberTests"/>
      </group> <!-- cucumber -->
    </groups>
    <test started-at="2023-04-04T12:54:08 IST" name="Test" finished-at="2023-04-04T12:54:17 IST" duration-ms="9113">
      <class name="TestRunner.testRunner">
        <test-method is-config="true" signature="setUpClass(org.testng.ITestContext)[pri:0, instance:TestRunner.testRunner@53aac487]" started-at="2023-04-04T12:54:08 IST" name="setUpClass" finished-at="2023-04-04T12:54:08 IST" duration-ms="182" status="PASS">
          <params>
            <param index="0">
              <value>
                <![CDATA[org.testng.TestRunner@625d9132]]>
              </value>
            </param>
          </params>
          <reporter-output>
          </reporter-output>
        </test-method> <!-- setUpClass -->
        <test-method signature="runScenario(io.cucumber.testng.PickleWrapper,io.cucumber.testng.FeatureWrapper)[pri:0, instance:TestRunner.testRunner@53aac487]" started-at="2023-04-04T12:54:08 IST" name="runScenario" description="Runs Cucumber Scenarios" data-provider="scenarios" finished-at="2023-04-04T12:54:17 IST" duration-ms="8896" status="PASS">
          <params>
            <param index="0">
              <value>
                <![CDATA["To test if youtube search is working properly"]]>
              </value>
            </param>
            <param index="1">
              <value>
                <![CDATA["Youtube Search Funtionality"]]>
              </value>
            </param>
          </params>
          <reporter-output>
          </reporter-output>
        </test-method> <!-- runScenario -->
        <test-method is-config="true" signature="tearDownClass()[pri:0, instance:TestRunner.testRunner@53aac487]" started-at="2023-04-04T12:54:17 IST" name="tearDownClass" finished-at="2023-04-04T12:54:17 IST" duration-ms="10" status="PASS">
          <reporter-output>
          </reporter-output>
        </test-method> <!-- tearDownClass -->
      </class> <!-- TestRunner.testRunner -->
    </test> <!-- Test -->
  </suite> <!-- Suite -->
</testng-results>
